<Log>
<Date>2014-08-11 18:36:32 283</Date>
<Client_ID>(null)</Client_ID>
<User_ID>(null)</User_ID>
<Location>Host:【2012-20140526NL】;AssemblyLocation:【C:\Windows\Microsoft.NET\Framework\v4.0.30319\Temporary ASP.NET Files\root\c5d1fa9f\f618d605\assembly\dl3\6fd2a305\f251225c_95b2cf01\Utility.dll】;JIT.CPOS.BS.Web.ApplicationInterface.Gateway.ProcessRequest</Location>
<Stack_Trances>
	  在类 JIT.CPOS.BS.DataAccess.WKeywordReplyDAO  方法 Update  位置 d:\bob\project\SVN\CPOS_New\Code\CPOS.BS.DataAccess\CodeGeneration\WKeywordReplyDAO.cs  行号 213
	  在类 JIT.CPOS.BS.DataAccess.WKeywordReplyDAO  方法 Update  位置 d:\bob\project\SVN\CPOS_New\Code\CPOS.BS.DataAccess\CodeGeneration\WKeywordReplyDAO.cs  行号 321
	  在类 JIT.CPOS.BS.BLL.WKeywordReplyBLL  方法 Update  位置 d:\bob\project\SVN\CPOS_New\Code\CPOS.BS.BLL\CodeGeneration\WKeywordReplyBLL.cs  行号 113
	  在类 JIT.CPOS.BS.BLL.WKeywordReplyBLL  方法 Update  位置 d:\bob\project\SVN\CPOS_New\Code\CPOS.BS.BLL\CodeGeneration\WKeywordReplyBLL.cs  行号 109
	  在类 JIT.CPOS.BS.Web.ApplicationInterface.Module.WX.KeyWord.SaveDefaultKeyWordAH  方法 ProcessRequest  位置 d:\bob\project\SVN\CPOS_New\Code\CPOS.BS.Web\ApplicationInterface\Module\WX\KeyWord\SaveDefaultKeyWordAH.cs  行号 55
	  在类 JIT.CPOS.BS.Web.ApplicationInterface.Base.BaseActionHandler`2  方法 JIT.CPOS.BS.Web.ApplicationInterface.Base.IActionHandler.ProcessAction  位置 d:\bob\project\SVN\CPOS_New\Code\CPOS.BS.Web\ApplicationInterface\Base\BaseActionHandler.cs  行号 122
	  在类 JIT.CPOS.BS.Web.ApplicationInterface.Gateway  方法 ProcessRequest  位置 d:\bob\project\SVN\CPOS_New\Code\CPOS.BS.Web\ApplicationInterface\Gateway.ashx.cs  行号 69
</Stack_Trances>
<Content>
	<Is_JIT_Exception>False</Is_JIT_Exception>
	<Is_Catched_By_Outer_Framework_Code>False</Is_Catched_By_Outer_Framework_Code>
	<Message>执行更新时,实体的主键属性值不能为null.</Message>
</Content>
</Log>

<Log>
<Date>2014-08-11 18:38:39 984</Date>
<Client_ID>(null)</Client_ID>
<User_ID>(null)</User_ID>
<Location>Host:【2012-20140526NL】;AssemblyLocation:【C:\Windows\Microsoft.NET\Framework\v4.0.30319\Temporary ASP.NET Files\root\c5d1fa9f\f618d605\assembly\dl3\6fd2a305\f251225c_95b2cf01\Utility.dll】;JIT.CPOS.BS.Web.ApplicationInterface.Gateway.ProcessRequest</Location>
<Stack_Trances>
	  在类 JIT.CPOS.BS.DataAccess.WKeywordReplyDAO  方法 Update  位置 d:\bob\project\SVN\CPOS_New\Code\CPOS.BS.DataAccess\CodeGeneration\WKeywordReplyDAO.cs  行号 213
	  在类 JIT.CPOS.BS.DataAccess.WKeywordReplyDAO  方法 Update  位置 d:\bob\project\SVN\CPOS_New\Code\CPOS.BS.DataAccess\CodeGeneration\WKeywordReplyDAO.cs  行号 321
	  在类 JIT.CPOS.BS.BLL.WKeywordReplyBLL  方法 Update  位置 d:\bob\project\SVN\CPOS_New\Code\CPOS.BS.BLL\CodeGeneration\WKeywordReplyBLL.cs  行号 113
	  在类 JIT.CPOS.BS.BLL.WKeywordReplyBLL  方法 Update  位置 d:\bob\project\SVN\CPOS_New\Code\CPOS.BS.BLL\CodeGeneration\WKeywordReplyBLL.cs  行号 109
	  在类 JIT.CPOS.BS.Web.ApplicationInterface.Module.WX.KeyWord.SaveDefaultKeyWordAH  方法 ProcessRequest  位置 d:\bob\project\SVN\CPOS_New\Code\CPOS.BS.Web\ApplicationInterface\Module\WX\KeyWord\SaveDefaultKeyWordAH.cs  行号 55
	  在类 JIT.CPOS.BS.Web.ApplicationInterface.Base.BaseActionHandler`2  方法 JIT.CPOS.BS.Web.ApplicationInterface.Base.IActionHandler.ProcessAction  位置 d:\bob\project\SVN\CPOS_New\Code\CPOS.BS.Web\ApplicationInterface\Base\BaseActionHandler.cs  行号 122
	  在类 JIT.CPOS.BS.Web.ApplicationInterface.Gateway  方法 ProcessRequest  位置 d:\bob\project\SVN\CPOS_New\Code\CPOS.BS.Web\ApplicationInterface\Gateway.ashx.cs  行号 69
</Stack_Trances>
<Content>
	<Is_JIT_Exception>False</Is_JIT_Exception>
	<Is_Catched_By_Outer_Framework_Code>False</Is_Catched_By_Outer_Framework_Code>
	<Message>执行更新时,实体的主键属性值不能为null.</Message>
</Content>
</Log>

<Log>
<Date>2014-08-11 18:39:00 692</Date>
<Client_ID>(null)</Client_ID>
<User_ID>(null)</User_ID>
<Location>Host:【2012-20140526NL】;AssemblyLocation:【C:\Windows\Microsoft.NET\Framework\v4.0.30319\Temporary ASP.NET Files\root\c5d1fa9f\f618d605\assembly\dl3\6fd2a305\f251225c_95b2cf01\Utility.dll】;JIT.CPOS.BS.Web.ApplicationInterface.Gateway.ProcessRequest</Location>
<Stack_Trances>
	  在类 JIT.CPOS.BS.DataAccess.WKeywordReplyDAO  方法 Update  位置 d:\bob\project\SVN\CPOS_New\Code\CPOS.BS.DataAccess\CodeGeneration\WKeywordReplyDAO.cs  行号 213
	  在类 JIT.CPOS.BS.DataAccess.WKeywordReplyDAO  方法 Update  位置 d:\bob\project\SVN\CPOS_New\Code\CPOS.BS.DataAccess\CodeGeneration\WKeywordReplyDAO.cs  行号 321
	  在类 JIT.CPOS.BS.BLL.WKeywordReplyBLL  方法 Update  位置 d:\bob\project\SVN\CPOS_New\Code\CPOS.BS.BLL\CodeGeneration\WKeywordReplyBLL.cs  行号 113
	  在类 JIT.CPOS.BS.BLL.WKeywordReplyBLL  方法 Update  位置 d:\bob\project\SVN\CPOS_New\Code\CPOS.BS.BLL\CodeGeneration\WKeywordReplyBLL.cs  行号 109
	  在类 JIT.CPOS.BS.Web.ApplicationInterface.Module.WX.KeyWord.SaveDefaultKeyWordAH  方法 ProcessRequest  位置 d:\bob\project\SVN\CPOS_New\Code\CPOS.BS.Web\ApplicationInterface\Module\WX\KeyWord\SaveDefaultKeyWordAH.cs  行号 55
	  在类 JIT.CPOS.BS.Web.ApplicationInterface.Base.BaseActionHandler`2  方法 JIT.CPOS.BS.Web.ApplicationInterface.Base.IActionHandler.ProcessAction  位置 d:\bob\project\SVN\CPOS_New\Code\CPOS.BS.Web\ApplicationInterface\Base\BaseActionHandler.cs  行号 122
	  在类 JIT.CPOS.BS.Web.ApplicationInterface.Gateway  方法 ProcessRequest  位置 d:\bob\project\SVN\CPOS_New\Code\CPOS.BS.Web\ApplicationInterface\Gateway.ashx.cs  行号 69
</Stack_Trances>
<Content>
	<Is_JIT_Exception>False</Is_JIT_Exception>
	<Is_Catched_By_Outer_Framework_Code>False</Is_Catched_By_Outer_Framework_Code>
	<Message>执行更新时,实体的主键属性值不能为null.</Message>
</Content>
</Log>

<Log>
<Date>2014-08-11 19:03:05 714</Date>
<Client_ID>(null)</Client_ID>
<User_ID>(null)</User_ID>
<Location>Host:【2012-20140526NL】;AssemblyLocation:【C:\Windows\Microsoft.NET\Framework\v4.0.30319\Temporary ASP.NET Files\root\c5d1fa9f\f618d605\assembly\dl3\6fd2a305\f251225c_95b2cf01\Utility.dll】;JIT.CPOS.BS.Web.ApplicationInterface.Gateway.ProcessRequest</Location>
<Stack_Trances>
	  在类 System.Data.SqlClient.SqlConnection  方法 OnError  位置   行号 0
	  在类 System.Data.SqlClient.SqlInternalConnection  方法 OnError  位置   行号 0
	  在类 System.Data.SqlClient.TdsParser  方法 ThrowExceptionAndWarning  位置   行号 0
	  在类 System.Data.SqlClient.TdsParser  方法 TryRun  位置   行号 0
	  在类 System.Data.SqlClient.SqlCommand  方法 FinishExecuteReader  位置   行号 0
	  在类 System.Data.SqlClient.SqlCommand  方法 RunExecuteReaderTds  位置   行号 0
	  在类 System.Data.SqlClient.SqlCommand  方法 RunExecuteReader  位置   行号 0
	  在类 System.Data.SqlClient.SqlCommand  方法 InternalExecuteNonQuery  位置   行号 0
	  在类 System.Data.SqlClient.SqlCommand  方法 ExecuteNonQuery  位置   行号 0
	  在类 JIT.Utility.DataAccess.DefaultSQLHelper  方法 ExecuteNonQuery  位置 d:\bob\project\SVN\Infrastructure\Code\Utility\DataAccess\DefaultSQLHelper.cs  行号 206
	  在类 JIT.CPOS.BS.DataAccess.WKeywordReplyDAO  方法 Update  位置 d:\bob\project\SVN\CPOS_New\Code\CPOS.BS.DataAccess\CodeGeneration\WKeywordReplyDAO.cs  行号 312
	  在类 JIT.CPOS.BS.DataAccess.WKeywordReplyDAO  方法 Update  位置 d:\bob\project\SVN\CPOS_New\Code\CPOS.BS.DataAccess\CodeGeneration\WKeywordReplyDAO.cs  行号 325
	  在类 JIT.CPOS.BS.BLL.WKeywordReplyBLL  方法 Update  位置 d:\bob\project\SVN\CPOS_New\Code\CPOS.BS.BLL\CodeGeneration\WKeywordReplyBLL.cs  行号 113
	  在类 JIT.CPOS.BS.BLL.WKeywordReplyBLL  方法 Update  位置 d:\bob\project\SVN\CPOS_New\Code\CPOS.BS.BLL\CodeGeneration\WKeywordReplyBLL.cs  行号 109
	  在类 JIT.CPOS.BS.Web.ApplicationInterface.Module.WX.KeyWord.SaveDefaultKeyWordAH  方法 ProcessRequest  位置 d:\bob\project\SVN\CPOS_New\Code\CPOS.BS.Web\ApplicationInterface\Module\WX\KeyWord\SaveDefaultKeyWordAH.cs  行号 56
	  在类 JIT.CPOS.BS.Web.ApplicationInterface.Base.BaseActionHandler`2  方法 JIT.CPOS.BS.Web.ApplicationInterface.Base.IActionHandler.ProcessAction  位置 d:\bob\project\SVN\CPOS_New\Code\CPOS.BS.Web\ApplicationInterface\Base\BaseActionHandler.cs  行号 122
	  在类 JIT.CPOS.BS.Web.ApplicationInterface.Gateway  方法 ProcessRequest  位置 d:\bob\project\SVN\CPOS_New\Code\CPOS.BS.Web\ApplicationInterface\Gateway.ashx.cs  行号 69
</Stack_Trances>
<Content>
	<Is_JIT_Exception>False</Is_JIT_Exception>
	<Is_Catched_By_Outer_Framework_Code>False</Is_Catched_By_Outer_Framework_Code>
	<Message>Incorrect syntax near 'IsDelete'.</Message>
</Content>
</Log>

<Log>
<Date>2014-08-11 19:05:14 238</Date>
<Client_ID>(null)</Client_ID>
<User_ID>(null)</User_ID>
<Location>Host:【2012-20140526NL】;AssemblyLocation:【C:\Windows\Microsoft.NET\Framework\v4.0.30319\Temporary ASP.NET Files\root\c5d1fa9f\f618d605\assembly\dl3\6fd2a305\f251225c_95b2cf01\Utility.dll】;JIT.CPOS.BS.Web.ApplicationInterface.Gateway.ProcessRequest</Location>
<Stack_Trances>
	  在类 System.Data.SqlClient.SqlConnection  方法 OnError  位置   行号 0
	  在类 System.Data.SqlClient.SqlInternalConnection  方法 OnError  位置   行号 0
	  在类 System.Data.SqlClient.TdsParser  方法 ThrowExceptionAndWarning  位置   行号 0
	  在类 System.Data.SqlClient.TdsParser  方法 TryRun  位置   行号 0
	  在类 System.Data.SqlClient.SqlCommand  方法 FinishExecuteReader  位置   行号 0
	  在类 System.Data.SqlClient.SqlCommand  方法 RunExecuteReaderTds  位置   行号 0
	  在类 System.Data.SqlClient.SqlCommand  方法 RunExecuteReader  位置   行号 0
	  在类 System.Data.SqlClient.SqlCommand  方法 InternalExecuteNonQuery  位置   行号 0
	  在类 System.Data.SqlClient.SqlCommand  方法 ExecuteNonQuery  位置   行号 0
	  在类 JIT.Utility.DataAccess.DefaultSQLHelper  方法 ExecuteNonQuery  位置 d:\bob\project\SVN\Infrastructure\Code\Utility\DataAccess\DefaultSQLHelper.cs  行号 206
	  在类 JIT.CPOS.BS.DataAccess.WKeywordReplyDAO  方法 Update  位置 d:\bob\project\SVN\CPOS_New\Code\CPOS.BS.DataAccess\CodeGeneration\WKeywordReplyDAO.cs  行号 312
	  在类 JIT.CPOS.BS.DataAccess.WKeywordReplyDAO  方法 Update  位置 d:\bob\project\SVN\CPOS_New\Code\CPOS.BS.DataAccess\CodeGeneration\WKeywordReplyDAO.cs  行号 325
	  在类 JIT.CPOS.BS.BLL.WKeywordReplyBLL  方法 Update  位置 d:\bob\project\SVN\CPOS_New\Code\CPOS.BS.BLL\CodeGeneration\WKeywordReplyBLL.cs  行号 113
	  在类 JIT.CPOS.BS.BLL.WKeywordReplyBLL  方法 Update  位置 d:\bob\project\SVN\CPOS_New\Code\CPOS.BS.BLL\CodeGeneration\WKeywordReplyBLL.cs  行号 109
	  在类 JIT.CPOS.BS.Web.ApplicationInterface.Module.WX.KeyWord.SaveDefaultKeyWordAH  方法 ProcessRequest  位置 d:\bob\project\SVN\CPOS_New\Code\CPOS.BS.Web\ApplicationInterface\Module\WX\KeyWord\SaveDefaultKeyWordAH.cs  行号 56
	  在类 JIT.CPOS.BS.Web.ApplicationInterface.Base.BaseActionHandler`2  方法 JIT.CPOS.BS.Web.ApplicationInterface.Base.IActionHandler.ProcessAction  位置 d:\bob\project\SVN\CPOS_New\Code\CPOS.BS.Web\ApplicationInterface\Base\BaseActionHandler.cs  行号 122
	  在类 JIT.CPOS.BS.Web.ApplicationInterface.Gateway  方法 ProcessRequest  位置 d:\bob\project\SVN\CPOS_New\Code\CPOS.BS.Web\ApplicationInterface\Gateway.ashx.cs  行号 69
</Stack_Trances>
<Content>
	<Is_JIT_Exception>False</Is_JIT_Exception>
	<Is_Catched_By_Outer_Framework_Code>False</Is_Catched_By_Outer_Framework_Code>
	<Message>Incorrect syntax near 'IsDelete'.</Message>
</Content>
</Log>

<Log>
<Date>2014-08-11 19:14:51 861</Date>
<Client_ID>(null)</Client_ID>
<User_ID>(null)</User_ID>
<Location>Host:【2012-20140526NL】;AssemblyLocation:【C:\Windows\Microsoft.NET\Framework\v4.0.30319\Temporary ASP.NET Files\root\c5d1fa9f\f618d605\assembly\dl3\6fd2a305\f251225c_95b2cf01\Utility.dll】;JIT.CPOS.BS.Web.ApplicationInterface.Gateway.ProcessRequest</Location>
<Stack_Trances>
	  在类 System.Data.SqlClient.SqlConnection  方法 OnError  位置   行号 0
	  在类 System.Data.SqlClient.SqlInternalConnection  方法 OnError  位置   行号 0
	  在类 System.Data.SqlClient.TdsParser  方法 ThrowExceptionAndWarning  位置   行号 0
	  在类 System.Data.SqlClient.TdsParser  方法 TryRun  位置   行号 0
	  在类 System.Data.SqlClient.SqlCommand  方法 FinishExecuteReader  位置   行号 0
	  在类 System.Data.SqlClient.SqlCommand  方法 RunExecuteReaderTds  位置   行号 0
	  在类 System.Data.SqlClient.SqlCommand  方法 RunExecuteReader  位置   行号 0
	  在类 System.Data.SqlClient.SqlCommand  方法 InternalExecuteNonQuery  位置   行号 0
	  在类 System.Data.SqlClient.SqlCommand  方法 ExecuteNonQuery  位置   行号 0
	  在类 JIT.Utility.DataAccess.DefaultSQLHelper  方法 ExecuteNonQuery  位置 d:\bob\project\SVN\Infrastructure\Code\Utility\DataAccess\DefaultSQLHelper.cs  行号 206
	  在类 JIT.CPOS.BS.DataAccess.WKeywordReplyDAO  方法 Update  位置 d:\bob\project\SVN\CPOS_New\Code\CPOS.BS.DataAccess\CodeGeneration\WKeywordReplyDAO.cs  行号 313
	  在类 JIT.CPOS.BS.DataAccess.WKeywordReplyDAO  方法 Update  位置 d:\bob\project\SVN\CPOS_New\Code\CPOS.BS.DataAccess\CodeGeneration\WKeywordReplyDAO.cs  行号 326
	  在类 JIT.CPOS.BS.BLL.WKeywordReplyBLL  方法 Update  位置 d:\bob\project\SVN\CPOS_New\Code\CPOS.BS.BLL\CodeGeneration\WKeywordReplyBLL.cs  行号 113
	  在类 JIT.CPOS.BS.BLL.WKeywordReplyBLL  方法 Update  位置 d:\bob\project\SVN\CPOS_New\Code\CPOS.BS.BLL\CodeGeneration\WKeywordReplyBLL.cs  行号 109
	  在类 JIT.CPOS.BS.Web.ApplicationInterface.Module.WX.KeyWord.SaveDefaultKeyWordAH  方法 ProcessRequest  位置 d:\bob\project\SVN\CPOS_New\Code\CPOS.BS.Web\ApplicationInterface\Module\WX\KeyWord\SaveDefaultKeyWordAH.cs  行号 56
	  在类 JIT.CPOS.BS.Web.ApplicationInterface.Base.BaseActionHandler`2  方法 JIT.CPOS.BS.Web.ApplicationInterface.Base.IActionHandler.ProcessAction  位置 d:\bob\project\SVN\CPOS_New\Code\CPOS.BS.Web\ApplicationInterface\Base\BaseActionHandler.cs  行号 122
	  在类 JIT.CPOS.BS.Web.ApplicationInterface.Gateway  方法 ProcessRequest  位置 d:\bob\project\SVN\CPOS_New\Code\CPOS.BS.Web\ApplicationInterface\Gateway.ashx.cs  行号 69
</Stack_Trances>
<Content>
	<Is_JIT_Exception>False</Is_JIT_Exception>
	<Is_Catched_By_Outer_Framework_Code>False</Is_Catched_By_Outer_Framework_Code>
	<Message>Incorrect syntax near 'IsDelete'.</Message>
</Content>
</Log>

<Log>
<Date>2014-08-11 22:32:55 724</Date>
<Client_ID>(null)</Client_ID>
<User_ID>(null)</User_ID>
<Location>Host:【2012-20140526NL】;AssemblyLocation:【C:\Windows\Microsoft.NET\Framework\v4.0.30319\Temporary ASP.NET Files\root\c5d1fa9f\f618d605\assembly\dl3\6fd2a305\f251225c_95b2cf01\Utility.dll】;JIT.CPOS.BS.Web.ApplicationInterface.Gateway.ProcessRequest</Location>
<Stack_Trances>
	  在类 System.Data.SqlClient.SqlConnection  方法 OnError  位置   行号 0
	  在类 System.Data.SqlClient.SqlInternalConnection  方法 OnError  位置   行号 0
	  在类 System.Data.SqlClient.TdsParser  方法 ThrowExceptionAndWarning  位置   行号 0
	  在类 System.Data.SqlClient.TdsParser  方法 TryRun  位置   行号 0
	  在类 System.Data.SqlClient.SqlCommand  方法 FinishExecuteReader  位置   行号 0
	  在类 System.Data.SqlClient.SqlCommand  方法 RunExecuteReaderTds  位置   行号 0
	  在类 System.Data.SqlClient.SqlCommand  方法 RunExecuteReader  位置   行号 0
	  在类 System.Data.SqlClient.SqlCommand  方法 InternalExecuteNonQuery  位置   行号 0
	  在类 System.Data.SqlClient.SqlCommand  方法 ExecuteNonQuery  位置   行号 0
	  在类 JIT.Utility.DataAccess.DefaultSQLHelper  方法 ExecuteNonQuery  位置 d:\bob\project\SVN\Infrastructure\Code\Utility\DataAccess\DefaultSQLHelper.cs  行号 206
	  在类 JIT.CPOS.BS.DataAccess.WKeywordReplyDAO  方法 Update  位置 d:\bob\project\SVN\CPOS_New\Code\CPOS.BS.DataAccess\CodeGeneration\WKeywordReplyDAO.cs  行号 314
	  在类 JIT.CPOS.BS.DataAccess.WKeywordReplyDAO  方法 Update  位置 d:\bob\project\SVN\CPOS_New\Code\CPOS.BS.DataAccess\CodeGeneration\WKeywordReplyDAO.cs  行号 327
	  在类 JIT.CPOS.BS.BLL.WKeywordReplyBLL  方法 Update  位置 d:\bob\project\SVN\CPOS_New\Code\CPOS.BS.BLL\CodeGeneration\WKeywordReplyBLL.cs  行号 113
	  在类 JIT.CPOS.BS.BLL.WKeywordReplyBLL  方法 Update  位置 d:\bob\project\SVN\CPOS_New\Code\CPOS.BS.BLL\CodeGeneration\WKeywordReplyBLL.cs  行号 109
	  在类 JIT.CPOS.BS.Web.ApplicationInterface.Module.WX.KeyWord.SaveDefaultKeyWordAH  方法 ProcessRequest  位置 d:\bob\project\SVN\CPOS_New\Code\CPOS.BS.Web\ApplicationInterface\Module\WX\KeyWord\SaveDefaultKeyWordAH.cs  行号 99
	  在类 JIT.CPOS.BS.Web.ApplicationInterface.Base.BaseActionHandler`2  方法 JIT.CPOS.BS.Web.ApplicationInterface.Base.IActionHandler.ProcessAction  位置 d:\bob\project\SVN\CPOS_New\Code\CPOS.BS.Web\ApplicationInterface\Base\BaseActionHandler.cs  行号 122
	  在类 JIT.CPOS.BS.Web.ApplicationInterface.Gateway  方法 ProcessRequest  位置 d:\bob\project\SVN\CPOS_New\Code\CPOS.BS.Web\ApplicationInterface\Gateway.ashx.cs  行号 69
</Stack_Trances>
<Content>
	<Is_JIT_Exception>False</Is_JIT_Exception>
	<Is_Catched_By_Outer_Framework_Code>False</Is_Catched_By_Outer_Framework_Code>
	<Message>Cannot insert the value NULL into column 'IsDelete', table 'cpos_bs_lj.dbo.WKeywordReply'; column does not allow nulls. UPDATE fails.
The statement has been terminated.</Message>
</Content>
</Log>

<Log>
<Date>2014-08-11 22:56:55 473</Date>
<Client_ID>(null)</Client_ID>
<User_ID>(null)</User_ID>
<Location>Host:【2012-20140526NL】;AssemblyLocation:【C:\Windows\Microsoft.NET\Framework\v4.0.30319\Temporary ASP.NET Files\root\c5d1fa9f\f618d605\assembly\dl3\6fd2a305\f251225c_95b2cf01\Utility.dll】;JIT.CPOS.BS.Web.ApplicationInterface.Gateway.ProcessRequest</Location>
<Stack_Trances>
	  在类 System.Data.SqlClient.SqlConnection  方法 OnError  位置   行号 0
	  在类 System.Data.SqlClient.SqlInternalConnection  方法 OnError  位置   行号 0
	  在类 System.Data.SqlClient.TdsParser  方法 ThrowExceptionAndWarning  位置   行号 0
	  在类 System.Data.SqlClient.TdsParser  方法 TryRun  位置   行号 0
	  在类 System.Data.SqlClient.SqlCommand  方法 FinishExecuteReader  位置   行号 0
	  在类 System.Data.SqlClient.SqlCommand  方法 RunExecuteReaderTds  位置   行号 0
	  在类 System.Data.SqlClient.SqlCommand  方法 RunExecuteReader  位置   行号 0
	  在类 System.Data.SqlClient.SqlCommand  方法 InternalExecuteNonQuery  位置   行号 0
	  在类 System.Data.SqlClient.SqlCommand  方法 ExecuteNonQuery  位置   行号 0
	  在类 JIT.Utility.DataAccess.DefaultSQLHelper  方法 ExecuteNonQuery  位置 d:\bob\project\SVN\Infrastructure\Code\Utility\DataAccess\DefaultSQLHelper.cs  行号 206
	  在类 JIT.CPOS.BS.DataAccess.WKeywordReplyDAO  方法 Update  位置 d:\bob\project\SVN\CPOS_New\Code\CPOS.BS.DataAccess\CodeGeneration\WKeywordReplyDAO.cs  行号 314
	  在类 JIT.CPOS.BS.DataAccess.WKeywordReplyDAO  方法 Update  位置 d:\bob\project\SVN\CPOS_New\Code\CPOS.BS.DataAccess\CodeGeneration\WKeywordReplyDAO.cs  行号 327
	  在类 JIT.CPOS.BS.BLL.WKeywordReplyBLL  方法 Update  位置 d:\bob\project\SVN\CPOS_New\Code\CPOS.BS.BLL\CodeGeneration\WKeywordReplyBLL.cs  行号 113
	  在类 JIT.CPOS.BS.BLL.WKeywordReplyBLL  方法 Update  位置 d:\bob\project\SVN\CPOS_New\Code\CPOS.BS.BLL\CodeGeneration\WKeywordReplyBLL.cs  行号 109
	  在类 JIT.CPOS.BS.Web.ApplicationInterface.Module.WX.KeyWord.SaveDefaultKeyWordAH  方法 ProcessRequest  位置 d:\bob\project\SVN\CPOS_New\Code\CPOS.BS.Web\ApplicationInterface\Module\WX\KeyWord\SaveDefaultKeyWordAH.cs  行号 99
	  在类 JIT.CPOS.BS.Web.ApplicationInterface.Base.BaseActionHandler`2  方法 JIT.CPOS.BS.Web.ApplicationInterface.Base.IActionHandler.ProcessAction  位置 d:\bob\project\SVN\CPOS_New\Code\CPOS.BS.Web\ApplicationInterface\Base\BaseActionHandler.cs  行号 122
	  在类 JIT.CPOS.BS.Web.ApplicationInterface.Gateway  方法 ProcessRequest  位置 d:\bob\project\SVN\CPOS_New\Code\CPOS.BS.Web\ApplicationInterface\Gateway.ashx.cs  行号 69
</Stack_Trances>
<Content>
	<Is_JIT_Exception>False</Is_JIT_Exception>
	<Is_Catched_By_Outer_Framework_Code>False</Is_Catched_By_Outer_Framework_Code>
	<Message>Cannot insert the value NULL into column 'IsDelete', table 'cpos_bs_lj.dbo.WKeywordReply'; column does not allow nulls. UPDATE fails.
The statement has been terminated.</Message>
</Content>
</Log>

