<Log>
<Date>2014-08-27 17:39:01 745</Date>
<Client_ID>(null)</Client_ID>
<User_ID>(null)</User_ID>
<Location>JIT.CPOS.BS.Web.ApplicationInterface.BaseGateway.ProcessRequest</Location>
<Stack_Trances>
	  在类 JIT.CPOS.BS.DataAccess.Base.BaseCPOSDAO  方法 SQLHelper_OnExecuted  位置 d:\bob\project\SVN\CPOS_New\Code\CPOS.BS.DataAccess\Utility\Base\BaseCPOSDAO.cs  行号 96
	  在类 JIT.Utility.DataAccess.DefaultSQLHelper  方法 ExecuteScalar  位置 d:\bob\project\SVN\Infrastructure\Code\Utility\DataAccess\DefaultSQLHelper.cs  行号 468
	  在类 JIT.CPOS.BS.DataAccess.JobFunctionDAO  方法 GetJobFuncList  位置 d:\bob\project\SVN\CPOS_New\Code\CPOS.BS.DataAccess\Product\QiXinManage\JobFunctionDAO.cs  行号 93
	  在类 JIT.CPOS.BS.BLL.JobFunctionBLL  方法 GetJobFuncList  位置 d:\bob\project\SVN\CPOS_New\Code\CPOS.BS.BLL\Product\QiXinManage\JobFunctionBLL.cs  行号 48
	  在类 JIT.CPOS.BS.Web.ApplicationInterface.Product.QiXinManage.GetJobFuncHandler  方法 GetDept  位置 d:\bob\project\SVN\CPOS_New\Code\CPOS.BS.Web\ApplicationInterface\Product\QiXinManage\GetJobFuncHandler.cs  行号 54
	  在类 JIT.CPOS.BS.Web.ApplicationInterface.Product.QiXinManage.GetJobFuncHandler  方法 DoAction  位置 d:\bob\project\SVN\CPOS_New\Code\CPOS.BS.Web\ApplicationInterface\Product\QiXinManage\GetJobFuncHandler.cs  行号 23
	  在类 JIT.CPOS.BS.Web.ApplicationInterface.Base.RequestHandlerManager  方法 HandleQiXinRequest  位置 d:\bob\project\SVN\CPOS_New\Code\CPOS.BS.Web\ApplicationInterface\Base\RequestHandlerManager.cs  行号 76
	  在类 JIT.CPOS.BS.Web.ApplicationInterface.Product.QiXinManage.QiXinManageHandler  方法 ProcessAction  位置 d:\bob\project\SVN\CPOS_New\Code\CPOS.BS.Web\ApplicationInterface\Product\QiXinManage\QiXinManageHandler.ashx.cs  行号 24
	  在类 JIT.CPOS.BS.Web.ApplicationInterface.BaseGateway  方法 ProcessRequest  位置 d:\bob\project\SVN\CPOS_New\Code\CPOS.BS.Web\ApplicationInterface\BaseGateway.cs  行号 64
</Stack_Trances>
<Content>
	<Database_Server>112.124.68.147</Database_Server>
	<Database_Name>cpos_bs_jit</Database_Name>
	<Execution_Time>00:00:00.3713540</Execution_Time>
	<Command_Text>
		use [cpos_bs_jit];
		select count(1)  FROM JobFunction WHERE CustomerID='3084cd58e4144cceb1faaac1c515f151' AND IsDelete=0 
	</Command_Text>
</Content>
</Log>

<Log>
<Date>2014-08-27 17:39:01 746</Date>
<Client_ID>(null)</Client_ID>
<User_ID>(null)</User_ID>
<Location>JIT.CPOS.BS.Web.ApplicationInterface.BaseGateway.ProcessRequest</Location>
<Stack_Trances>
	  在类 JIT.CPOS.BS.DataAccess.Base.BaseCPOSDAO  方法 SQLHelper_OnExecuted  位置 d:\bob\project\SVN\CPOS_New\Code\CPOS.BS.DataAccess\Utility\Base\BaseCPOSDAO.cs  行号 96
	  在类 JIT.Utility.DataAccess.DefaultSQLHelper  方法 ExecuteDataset  位置 d:\bob\project\SVN\Infrastructure\Code\Utility\DataAccess\DefaultSQLHelper.cs  行号 601
	  在类 JIT.CPOS.BS.DataAccess.T_UserDAO  方法 GetStaffDict  位置 d:\bob\project\SVN\CPOS_New\Code\CPOS.BS.DataAccess\Product\CW\T_UserDAO.cs  行号 1154
	  在类 JIT.CPOS.BS.BLL.T_UserBLL  方法 GetStaffDict  位置 d:\bob\project\SVN\CPOS_New\Code\CPOS.BS.BLL\Product\CW\T_UserBLL.cs  行号 352
	  在类 JIT.CPOS.BS.Web.ApplicationInterface.Product.QiXinManage.GetUserDictHandler  方法 GetUserDict  位置 d:\bob\project\SVN\CPOS_New\Code\CPOS.BS.Web\ApplicationInterface\Product\QiXinManage\GetUserDictHandler.cs  行号 40
	  在类 JIT.CPOS.BS.Web.ApplicationInterface.Product.QiXinManage.GetUserDictHandler  方法 DoAction  位置 d:\bob\project\SVN\CPOS_New\Code\CPOS.BS.Web\ApplicationInterface\Product\QiXinManage\GetUserDictHandler.cs  行号 20
	  在类 JIT.CPOS.BS.Web.ApplicationInterface.Base.RequestHandlerManager  方法 HandleQiXinRequest  位置 d:\bob\project\SVN\CPOS_New\Code\CPOS.BS.Web\ApplicationInterface\Base\RequestHandlerManager.cs  行号 76
	  在类 JIT.CPOS.BS.Web.ApplicationInterface.Product.QiXinManage.QiXinManageHandler  方法 ProcessAction  位置 d:\bob\project\SVN\CPOS_New\Code\CPOS.BS.Web\ApplicationInterface\Product\QiXinManage\QiXinManageHandler.ashx.cs  行号 24
	  在类 JIT.CPOS.BS.Web.ApplicationInterface.BaseGateway  方法 ProcessRequest  位置 d:\bob\project\SVN\CPOS_New\Code\CPOS.BS.Web\ApplicationInterface\BaseGateway.cs  行号 64
</Stack_Trances>
<Content>
	<Database_Server>112.124.68.147</Database_Server>
	<Database_Name>cpos_bs_jit</Database_Name>
	<Execution_Time>00:00:01.2302240</Execution_Time>
	<Command_Text>
		use [cpos_bs_jit];
		 SELECT user_id AS UserID,user_name AS UserName FROM T_User WHERE customer_id='3084cd58e4144cceb1faaac1c515f151' AND user_status=1 
	</Command_Text>
</Content>
</Log>

<Log>
<Date>2014-08-27 17:39:01 745</Date>
<Client_ID>(null)</Client_ID>
<User_ID>(null)</User_ID>
<Location>JIT.CPOS.BS.Web.ApplicationInterface.BaseGateway.ProcessRequest</Location>
<Stack_Trances>
	  在类 JIT.CPOS.BS.DataAccess.Base.BaseCPOSDAO  方法 SQLHelper_OnExecuted  位置 d:\bob\project\SVN\CPOS_New\Code\CPOS.BS.DataAccess\Utility\Base\BaseCPOSDAO.cs  行号 96
	  在类 JIT.Utility.DataAccess.DefaultSQLHelper  方法 ExecuteScalar  位置 d:\bob\project\SVN\Infrastructure\Code\Utility\DataAccess\DefaultSQLHelper.cs  行号 468
	  在类 JIT.Utility.DataAccess.DefaultSQLHelper  方法 ExecuteScalar  位置 d:\bob\project\SVN\Infrastructure\Code\Utility\DataAccess\DefaultSQLHelper.cs  行号 493
	  在类 JIT.CPOS.BS.DataAccess.AppSysService  方法 SearchRoleByAppSysIdCount  位置 d:\bob\project\SVN\CPOS_New\Code\CPOS.BS.DataAccess\AppSysService.cs  行号 147
	  在类 JIT.CPOS.BS.BLL.AppSysService  方法 GetRolesByAppSysId  位置 d:\bob\project\SVN\CPOS_New\Code\CPOS.BS.BLL\AppSysService.cs  行号 166
	  在类 JIT.CPOS.BS.Web.ApplicationInterface.Product.QiXinManage.GetUserListHandler  方法 GetUserList  位置 d:\bob\project\SVN\CPOS_New\Code\CPOS.BS.Web\ApplicationInterface\Product\QiXinManage\GetUserListHandler.cs  行号 45
	  在类 JIT.CPOS.BS.Web.ApplicationInterface.Product.QiXinManage.GetUserListHandler  方法 DoAction  位置 d:\bob\project\SVN\CPOS_New\Code\CPOS.BS.Web\ApplicationInterface\Product\QiXinManage\GetUserListHandler.cs  行号 20
	  在类 JIT.CPOS.BS.Web.ApplicationInterface.Base.RequestHandlerManager  方法 HandleQiXinRequest  位置 d:\bob\project\SVN\CPOS_New\Code\CPOS.BS.Web\ApplicationInterface\Base\RequestHandlerManager.cs  行号 76
	  在类 JIT.CPOS.BS.Web.ApplicationInterface.Product.QiXinManage.QiXinManageHandler  方法 ProcessAction  位置 d:\bob\project\SVN\CPOS_New\Code\CPOS.BS.Web\ApplicationInterface\Product\QiXinManage\QiXinManageHandler.ashx.cs  行号 24
	  在类 JIT.CPOS.BS.Web.ApplicationInterface.BaseGateway  方法 ProcessRequest  位置 d:\bob\project\SVN\CPOS_New\Code\CPOS.BS.Web\ApplicationInterface\BaseGateway.cs  行号 64
</Stack_Trances>
<Content>
	<Database_Server>112.124.68.147</Database_Server>
	<Database_Name>cpos_bs_jit</Database_Name>
	<Execution_Time>00:00:00.4271557</Execution_Time>
	<Command_Text>
		use [cpos_bs_jit];
		 Declare @TmpTable Table  (role_id nvarchar(100)  ,row_no int  );  Declare @iCount int;  insert into @TmpTable(role_id,row_no)  select a.role_id  ,row_no=row_number() over(order by a.role_code)  From t_role a  where 1=1 and a.[status] = '1'  and a.def_app_id like  '%' + 'D8C5FF6041AA4EA19D83F924DBF56F93' + '%' and a.Customer_Id like  '%' + '3084cd58e4144cceb1faaac1c515f151' + '%' select @iCount = COUNT(*) From @TmpTable;  select @iCount; 
	</Command_Text>
</Content>
</Log>

<Log>
<Date>2014-08-27 17:39:01 745</Date>
<Client_ID>(null)</Client_ID>
<User_ID>(null)</User_ID>
<Location>JIT.CPOS.BS.Web.ApplicationInterface.BaseGateway.ProcessRequest</Location>
<Stack_Trances>
	  在类 JIT.CPOS.BS.DataAccess.Base.BaseCPOSDAO  方法 SQLHelper_OnExecuted  位置 d:\bob\project\SVN\CPOS_New\Code\CPOS.BS.DataAccess\Utility\Base\BaseCPOSDAO.cs  行号 96
	  在类 JIT.Utility.DataAccess.DefaultSQLHelper  方法 ExecuteScalar  位置 d:\bob\project\SVN\Infrastructure\Code\Utility\DataAccess\DefaultSQLHelper.cs  行号 468
	  在类 JIT.CPOS.BS.DataAccess.TUnitDAO  方法 GetUnitList  位置 d:\bob\project\SVN\CPOS_New\Code\CPOS.BS.DataAccess\Product\QiXinManage\TUnitDAO.cs  行号 109
	  在类 JIT.CPOS.BS.BLL.TUnitBLL  方法 GetUnitList  位置 d:\bob\project\SVN\CPOS_New\Code\CPOS.BS.BLL\Product\QiXinManage\TUnitBLL.cs  行号 57
	  在类 JIT.CPOS.BS.Web.ApplicationInterface.Product.QiXinManage.GetDeptHandler  方法 GetDept  位置 d:\bob\project\SVN\CPOS_New\Code\CPOS.BS.Web\ApplicationInterface\Product\QiXinManage\GetDeptHandler.cs  行号 46
	  在类 JIT.CPOS.BS.Web.ApplicationInterface.Product.QiXinManage.GetDeptHandler  方法 DoAction  位置 d:\bob\project\SVN\CPOS_New\Code\CPOS.BS.Web\ApplicationInterface\Product\QiXinManage\GetDeptHandler.cs  行号 24
	  在类 JIT.CPOS.BS.Web.ApplicationInterface.Base.RequestHandlerManager  方法 HandleQiXinRequest  位置 d:\bob\project\SVN\CPOS_New\Code\CPOS.BS.Web\ApplicationInterface\Base\RequestHandlerManager.cs  行号 76
	  在类 JIT.CPOS.BS.Web.ApplicationInterface.Product.QiXinManage.QiXinManageHandler  方法 ProcessAction  位置 d:\bob\project\SVN\CPOS_New\Code\CPOS.BS.Web\ApplicationInterface\Product\QiXinManage\QiXinManageHandler.ashx.cs  行号 24
	  在类 JIT.CPOS.BS.Web.ApplicationInterface.BaseGateway  方法 ProcessRequest  位置 d:\bob\project\SVN\CPOS_New\Code\CPOS.BS.Web\ApplicationInterface\BaseGateway.cs  行号 64
</Stack_Trances>
<Content>
	<Database_Server>112.124.68.147</Database_Server>
	<Database_Name>cpos_bs_jit</Database_Name>
	<Execution_Time>00:00:00.2531276</Execution_Time>
	<Command_Text>
		use [cpos_bs_jit];
		select count(1)  FROM t_unit WHERE customer_id='3084cd58e4144cceb1faaac1c515f151' AND type_id='4E1A9BB0E36F4D2B951E0F477ECB3C0A' AND Status=1 
	</Command_Text>
</Content>
</Log>

<Log>
<Date>2014-08-27 17:39:02 435</Date>
<Client_ID>(null)</Client_ID>
<User_ID>(null)</User_ID>
<Location>JIT.CPOS.BS.Web.ApplicationInterface.BaseGateway.ProcessRequest</Location>
<Stack_Trances>
	  在类 JIT.CPOS.BS.DataAccess.Base.BaseCPOSDAO  方法 SQLHelper_OnExecuted  位置 d:\bob\project\SVN\CPOS_New\Code\CPOS.BS.DataAccess\Utility\Base\BaseCPOSDAO.cs  行号 96
	  在类 JIT.Utility.DataAccess.DefaultSQLHelper  方法 ExecuteDataset  位置 d:\bob\project\SVN\Infrastructure\Code\Utility\DataAccess\DefaultSQLHelper.cs  行号 601
	  在类 JIT.Utility.DataAccess.DefaultSQLHelper  方法 ExecuteDataset  位置 d:\bob\project\SVN\Infrastructure\Code\Utility\DataAccess\DefaultSQLHelper.cs  行号 627
	  在类 JIT.CPOS.BS.DataAccess.AppSysService  方法 SearchRoleByAppSysIdList  位置 d:\bob\project\SVN\CPOS_New\Code\CPOS.BS.DataAccess\AppSysService.cs  行号 181
	  在类 JIT.CPOS.BS.BLL.AppSysService  方法 GetRolesByAppSysId  位置 d:\bob\project\SVN\CPOS_New\Code\CPOS.BS.BLL\AppSysService.cs  行号 169
	  在类 JIT.CPOS.BS.Web.ApplicationInterface.Product.QiXinManage.GetUserListHandler  方法 GetUserList  位置 d:\bob\project\SVN\CPOS_New\Code\CPOS.BS.Web\ApplicationInterface\Product\QiXinManage\GetUserListHandler.cs  行号 45
	  在类 JIT.CPOS.BS.Web.ApplicationInterface.Product.QiXinManage.GetUserListHandler  方法 DoAction  位置 d:\bob\project\SVN\CPOS_New\Code\CPOS.BS.Web\ApplicationInterface\Product\QiXinManage\GetUserListHandler.cs  行号 20
	  在类 JIT.CPOS.BS.Web.ApplicationInterface.Base.RequestHandlerManager  方法 HandleQiXinRequest  位置 d:\bob\project\SVN\CPOS_New\Code\CPOS.BS.Web\ApplicationInterface\Base\RequestHandlerManager.cs  行号 76
	  在类 JIT.CPOS.BS.Web.ApplicationInterface.Product.QiXinManage.QiXinManageHandler  方法 ProcessAction  位置 d:\bob\project\SVN\CPOS_New\Code\CPOS.BS.Web\ApplicationInterface\Product\QiXinManage\QiXinManageHandler.ashx.cs  行号 24
	  在类 JIT.CPOS.BS.Web.ApplicationInterface.BaseGateway  方法 ProcessRequest  位置 d:\bob\project\SVN\CPOS_New\Code\CPOS.BS.Web\ApplicationInterface\BaseGateway.cs  行号 64
</Stack_Trances>
<Content>
	<Database_Server>112.124.68.147</Database_Server>
	<Database_Name>cpos_bs_jit</Database_Name>
	<Execution_Time>00:00:00.5115698</Execution_Time>
	<Command_Text>
		use [cpos_bs_jit];
		 Declare @TmpTable Table  (role_id nvarchar(100)  ,row_no int  );  Declare @iCount int;  insert into @TmpTable(role_id,row_no)  select a.role_id  ,row_no=row_number() over(order by a.role_code)  From t_role a  where 1=1 and a.[status] = '1'  and a.def_app_id like  '%' + 'D8C5FF6041AA4EA19D83F924DBF56F93' + '%' and a.Customer_Id like  '%' + '3084cd58e4144cceb1faaac1c515f151' + '%' select @iCount = COUNT(*) From @TmpTable; select distinct a.role_id  , a.def_app_id reg_app_id  , app.def_app_code  , app.def_app_name  , a.role_code  , a.create_user_id add_user_id  , a.create_time add_date  , a.role_name  , a.Role_Eng_Name  , a.modify_user_id  , a.modify_time modify_date  , a.is_sys  , b.user_name as add_user_name  , c.user_name as modify_user_name  , a.role_name as role_desc  , case when ISNULL(is_sys,0) = 1 then '是' else '否' end default_flag_desc  , d.row_no  , @iCount icount  from t_role a  left join t_user b on a.create_user_id=b.user_id  left join t_user c on a.modify_user_id=c.user_id  left join t_def_app app on a.def_app_id=app.def_app_id  inner join @TmpTable d  on(a.role_id = d.role_id)  where 1=1 and a.[status] = '1'  and d.row_no  > '0' and  d.row_no <= '1000'   order by a.def_app_id, a.role_code ;
	</Command_Text>
</Content>
</Log>

<Log>
<Date>2014-08-27 17:39:02 460</Date>
<Client_ID>(null)</Client_ID>
<User_ID>(null)</User_ID>
<Location>JIT.CPOS.BS.Web.ApplicationInterface.BaseGateway.ProcessRequest</Location>
<Stack_Trances>
	  在类 JIT.CPOS.BS.DataAccess.Base.BaseCPOSDAO  方法 SQLHelper_OnExecuted  位置 d:\bob\project\SVN\CPOS_New\Code\CPOS.BS.DataAccess\Utility\Base\BaseCPOSDAO.cs  行号 96
	  在类 JIT.Utility.DataAccess.DefaultSQLHelper  方法 ExecuteDataset  位置 d:\bob\project\SVN\Infrastructure\Code\Utility\DataAccess\DefaultSQLHelper.cs  行号 601
	  在类 JIT.CPOS.BS.DataAccess.TUnitDAO  方法 GetUnitList  位置 d:\bob\project\SVN\CPOS_New\Code\CPOS.BS.DataAccess\Product\QiXinManage\TUnitDAO.cs  行号 117
	  在类 JIT.CPOS.BS.BLL.TUnitBLL  方法 GetUnitList  位置 d:\bob\project\SVN\CPOS_New\Code\CPOS.BS.BLL\Product\QiXinManage\TUnitBLL.cs  行号 57
	  在类 JIT.CPOS.BS.Web.ApplicationInterface.Product.QiXinManage.GetDeptHandler  方法 GetDept  位置 d:\bob\project\SVN\CPOS_New\Code\CPOS.BS.Web\ApplicationInterface\Product\QiXinManage\GetDeptHandler.cs  行号 46
	  在类 JIT.CPOS.BS.Web.ApplicationInterface.Product.QiXinManage.GetDeptHandler  方法 DoAction  位置 d:\bob\project\SVN\CPOS_New\Code\CPOS.BS.Web\ApplicationInterface\Product\QiXinManage\GetDeptHandler.cs  行号 24
	  在类 JIT.CPOS.BS.Web.ApplicationInterface.Base.RequestHandlerManager  方法 HandleQiXinRequest  位置 d:\bob\project\SVN\CPOS_New\Code\CPOS.BS.Web\ApplicationInterface\Base\RequestHandlerManager.cs  行号 76
	  在类 JIT.CPOS.BS.Web.ApplicationInterface.Product.QiXinManage.QiXinManageHandler  方法 ProcessAction  位置 d:\bob\project\SVN\CPOS_New\Code\CPOS.BS.Web\ApplicationInterface\Product\QiXinManage\QiXinManageHandler.ashx.cs  行号 24
	  在类 JIT.CPOS.BS.Web.ApplicationInterface.BaseGateway  方法 ProcessRequest  位置 d:\bob\project\SVN\CPOS_New\Code\CPOS.BS.Web\ApplicationInterface\BaseGateway.cs  行号 64
</Stack_Trances>
<Content>
	<Database_Server>112.124.68.147</Database_Server>
	<Database_Name>cpos_bs_jit</Database_Name>
	<Execution_Time>00:00:00.5358995</Execution_Time>
	<Command_Text>
		use [cpos_bs_jit];
		SELECT * FROM (SELECT ROW_NUMBER() OVER (ORDER BY unit_name) AS rowid,unit_id AS UnitID,unit_name AS UnitName,unit_code AS UnitCode ,unit_contact AS Leader,unit_remark AS DeptDesc,Status,if_flag,type_id AS TypeID  FROM t_unit WHERE customer_id='3084cd58e4144cceb1faaac1c515f151' AND type_id='4E1A9BB0E36F4D2B951E0F477ECB3C0A' AND Status=1 ) tt WHERE tt.rowid BETWEEN 1 AND 1000 
	</Command_Text>
</Content>
</Log>

<Log>
<Date>2014-08-27 17:39:02 462</Date>
<Client_ID>(null)</Client_ID>
<User_ID>(null)</User_ID>
<Location>JIT.CPOS.BS.Web.ApplicationInterface.BaseGateway.ProcessRequest</Location>
<Stack_Trances>
	  在类 JIT.CPOS.BS.DataAccess.Base.BaseCPOSDAO  方法 SQLHelper_OnExecuted  位置 d:\bob\project\SVN\CPOS_New\Code\CPOS.BS.DataAccess\Utility\Base\BaseCPOSDAO.cs  行号 96
	  在类 JIT.Utility.DataAccess.DefaultSQLHelper  方法 ExecuteDataset  位置 d:\bob\project\SVN\Infrastructure\Code\Utility\DataAccess\DefaultSQLHelper.cs  行号 601
	  在类 JIT.CPOS.BS.DataAccess.JobFunctionDAO  方法 GetJobFuncList  位置 d:\bob\project\SVN\CPOS_New\Code\CPOS.BS.DataAccess\Product\QiXinManage\JobFunctionDAO.cs  行号 102
	  在类 JIT.CPOS.BS.BLL.JobFunctionBLL  方法 GetJobFuncList  位置 d:\bob\project\SVN\CPOS_New\Code\CPOS.BS.BLL\Product\QiXinManage\JobFunctionBLL.cs  行号 48
	  在类 JIT.CPOS.BS.Web.ApplicationInterface.Product.QiXinManage.GetJobFuncHandler  方法 GetDept  位置 d:\bob\project\SVN\CPOS_New\Code\CPOS.BS.Web\ApplicationInterface\Product\QiXinManage\GetJobFuncHandler.cs  行号 54
	  在类 JIT.CPOS.BS.Web.ApplicationInterface.Product.QiXinManage.GetJobFuncHandler  方法 DoAction  位置 d:\bob\project\SVN\CPOS_New\Code\CPOS.BS.Web\ApplicationInterface\Product\QiXinManage\GetJobFuncHandler.cs  行号 23
	  在类 JIT.CPOS.BS.Web.ApplicationInterface.Base.RequestHandlerManager  方法 HandleQiXinRequest  位置 d:\bob\project\SVN\CPOS_New\Code\CPOS.BS.Web\ApplicationInterface\Base\RequestHandlerManager.cs  行号 76
	  在类 JIT.CPOS.BS.Web.ApplicationInterface.Product.QiXinManage.QiXinManageHandler  方法 ProcessAction  位置 d:\bob\project\SVN\CPOS_New\Code\CPOS.BS.Web\ApplicationInterface\Product\QiXinManage\QiXinManageHandler.ashx.cs  行号 24
	  在类 JIT.CPOS.BS.Web.ApplicationInterface.BaseGateway  方法 ProcessRequest  位置 d:\bob\project\SVN\CPOS_New\Code\CPOS.BS.Web\ApplicationInterface\BaseGateway.cs  行号 64
</Stack_Trances>
<Content>
	<Database_Server>112.124.68.147</Database_Server>
	<Database_Name>cpos_bs_jit</Database_Name>
	<Execution_Time>00:00:00.5381599</Execution_Time>
	<Command_Text>
		use [cpos_bs_jit];
		SELECT * FROM (SELECT ROW_NUMBER() OVER (ORDER BY name) AS rowid,JobFunctionID,Name,Description,Status FROM JobFunction WHERE CustomerID='3084cd58e4144cceb1faaac1c515f151' AND IsDelete=0 ) tt WHERE tt.rowid BETWEEN 1 AND 1000 
	</Command_Text>
</Content>
</Log>

<Log>
<Date>2014-08-27 17:39:03 719</Date>
<Client_ID>(null)</Client_ID>
<User_ID>(null)</User_ID>
<Location>JIT.CPOS.BS.Web.ApplicationInterface.BaseGateway.ProcessRequest</Location>
<Stack_Trances>
	  在类 JIT.CPOS.BS.DataAccess.Base.BaseCPOSDAO  方法 SQLHelper_OnExecuted  位置 d:\bob\project\SVN\CPOS_New\Code\CPOS.BS.DataAccess\Utility\Base\BaseCPOSDAO.cs  行号 96
	  在类 JIT.Utility.DataAccess.DefaultSQLHelper  方法 ExecuteScalar  位置 d:\bob\project\SVN\Infrastructure\Code\Utility\DataAccess\DefaultSQLHelper.cs  行号 468
	  在类 JIT.CPOS.BS.DataAccess.T_UserDAO  方法 GetUserList  位置 d:\bob\project\SVN\CPOS_New\Code\CPOS.BS.DataAccess\Product\CW\T_UserDAO.cs  行号 1107
	  在类 JIT.CPOS.BS.BLL.T_UserBLL  方法 GetUserList  位置 d:\bob\project\SVN\CPOS_New\Code\CPOS.BS.BLL\Product\CW\T_UserBLL.cs  行号 338
	  在类 JIT.CPOS.BS.Web.ApplicationInterface.Product.QiXinManage.GetUserListHandler  方法 GetUserList  位置 d:\bob\project\SVN\CPOS_New\Code\CPOS.BS.Web\ApplicationInterface\Product\QiXinManage\GetUserListHandler.cs  行号 66
	  在类 JIT.CPOS.BS.Web.ApplicationInterface.Product.QiXinManage.GetUserListHandler  方法 DoAction  位置 d:\bob\project\SVN\CPOS_New\Code\CPOS.BS.Web\ApplicationInterface\Product\QiXinManage\GetUserListHandler.cs  行号 20
	  在类 JIT.CPOS.BS.Web.ApplicationInterface.Base.RequestHandlerManager  方法 HandleQiXinRequest  位置 d:\bob\project\SVN\CPOS_New\Code\CPOS.BS.Web\ApplicationInterface\Base\RequestHandlerManager.cs  行号 76
	  在类 JIT.CPOS.BS.Web.ApplicationInterface.Product.QiXinManage.QiXinManageHandler  方法 ProcessAction  位置 d:\bob\project\SVN\CPOS_New\Code\CPOS.BS.Web\ApplicationInterface\Product\QiXinManage\QiXinManageHandler.ashx.cs  行号 24
	  在类 JIT.CPOS.BS.Web.ApplicationInterface.BaseGateway  方法 ProcessRequest  位置 d:\bob\project\SVN\CPOS_New\Code\CPOS.BS.Web\ApplicationInterface\BaseGateway.cs  行号 64
</Stack_Trances>
<Content>
	<Database_Server>112.124.68.147</Database_Server>
	<Database_Name>cpos_bs_jit</Database_Name>
	<Execution_Time>00:00:01.1674760</Execution_Time>
	<Command_Text>
		use [cpos_bs_jit];
		select count(1)  FROM dbo.vw_user_qxht WHERE CustomerID='3084cd58e4144cceb1faaac1c515f151' AND RoleID='30F53CDA-4B13-4C06-B5B7-0170DF34CE35' 
	</Command_Text>
</Content>
</Log>

<Log>
<Date>2014-08-27 17:39:04 471</Date>
<Client_ID>(null)</Client_ID>
<User_ID>(null)</User_ID>
<Location>JIT.CPOS.BS.Web.ApplicationInterface.BaseGateway.ProcessRequest</Location>
<Stack_Trances>
	  在类 JIT.CPOS.BS.DataAccess.Base.BaseCPOSDAO  方法 SQLHelper_OnExecuted  位置 d:\bob\project\SVN\CPOS_New\Code\CPOS.BS.DataAccess\Utility\Base\BaseCPOSDAO.cs  行号 96
	  在类 JIT.Utility.DataAccess.DefaultSQLHelper  方法 ExecuteDataset  位置 d:\bob\project\SVN\Infrastructure\Code\Utility\DataAccess\DefaultSQLHelper.cs  行号 601
	  在类 JIT.CPOS.BS.DataAccess.T_UserDAO  方法 GetUserList  位置 d:\bob\project\SVN\CPOS_New\Code\CPOS.BS.DataAccess\Product\CW\T_UserDAO.cs  行号 1116
	  在类 JIT.CPOS.BS.BLL.T_UserBLL  方法 GetUserList  位置 d:\bob\project\SVN\CPOS_New\Code\CPOS.BS.BLL\Product\CW\T_UserBLL.cs  行号 338
	  在类 JIT.CPOS.BS.Web.ApplicationInterface.Product.QiXinManage.GetUserListHandler  方法 GetUserList  位置 d:\bob\project\SVN\CPOS_New\Code\CPOS.BS.Web\ApplicationInterface\Product\QiXinManage\GetUserListHandler.cs  行号 66
	  在类 JIT.CPOS.BS.Web.ApplicationInterface.Product.QiXinManage.GetUserListHandler  方法 DoAction  位置 d:\bob\project\SVN\CPOS_New\Code\CPOS.BS.Web\ApplicationInterface\Product\QiXinManage\GetUserListHandler.cs  行号 20
	  在类 JIT.CPOS.BS.Web.ApplicationInterface.Base.RequestHandlerManager  方法 HandleQiXinRequest  位置 d:\bob\project\SVN\CPOS_New\Code\CPOS.BS.Web\ApplicationInterface\Base\RequestHandlerManager.cs  行号 76
	  在类 JIT.CPOS.BS.Web.ApplicationInterface.Product.QiXinManage.QiXinManageHandler  方法 ProcessAction  位置 d:\bob\project\SVN\CPOS_New\Code\CPOS.BS.Web\ApplicationInterface\Product\QiXinManage\QiXinManageHandler.ashx.cs  行号 24
	  在类 JIT.CPOS.BS.Web.ApplicationInterface.BaseGateway  方法 ProcessRequest  位置 d:\bob\project\SVN\CPOS_New\Code\CPOS.BS.Web\ApplicationInterface\BaseGateway.cs  行号 64
</Stack_Trances>
<Content>
	<Database_Server>112.124.68.147</Database_Server>
	<Database_Name>cpos_bs_jit</Database_Name>
	<Execution_Time>00:00:00.7503305</Execution_Time>
	<Command_Text>
		use [cpos_bs_jit];
		SELECT * FROM (SELECT ROW_NUMBER() OVER ( order by UserName ) rowId,*  FROM dbo.vw_user_qxht WHERE CustomerID='3084cd58e4144cceb1faaac1c515f151' AND RoleID='30F53CDA-4B13-4C06-B5B7-0170DF34CE35'  ) tt WHERE tt.rowid BETWEEN 1 AND 8 
	</Command_Text>
</Content>
</Log>

<Log>
<Date>2014-08-27 17:39:08 111</Date>
<Client_ID>(null)</Client_ID>
<User_ID>(null)</User_ID>
<Location>JIT.CPOS.BS.Web.ApplicationInterface.Gateway.ProcessRequest</Location>
<Stack_Trances>
	  在类 JIT.CPOS.BS.DataAccess.Base.BaseCPOSDAO  方法 SQLHelper_OnExecuted  位置 d:\bob\project\SVN\CPOS_New\Code\CPOS.BS.DataAccess\Utility\Base\BaseCPOSDAO.cs  行号 96
	  在类 JIT.Utility.DataAccess.DefaultSQLHelper  方法 ExecuteDataset  位置 d:\bob\project\SVN\Infrastructure\Code\Utility\DataAccess\DefaultSQLHelper.cs  行号 601
	  在类 JIT.CPOS.BS.DataAccess.WMaterialTextDAO  方法 GetMaterialTextTitleList  位置 d:\bob\project\SVN\CPOS_New\Code\CPOS.BS.DataAccess\WMaterialTextDAO.cs  行号 332
	  在类 JIT.CPOS.BS.BLL.WMaterialTextBLL  方法 GetMaterialTextTitleList  位置 d:\bob\project\SVN\CPOS_New\Code\CPOS.BS.BLL\WMaterialTextBLL.cs  行号 132
	  在类 JIT.CPOS.BS.Web.ApplicationInterface.Module.WX.MaterialText.GetMaterialTextDetailAH  方法 ProcessRequest  位置 d:\bob\project\SVN\CPOS_New\Code\CPOS.BS.Web\ApplicationInterface\Module\WX\MaterialText\GetMaterialTextDetailAH.cs  行号 31
	  在类 JIT.CPOS.BS.Web.ApplicationInterface.Base.BaseActionHandler`2  方法 JIT.CPOS.BS.Web.ApplicationInterface.Base.IActionHandler.ProcessAction  位置 d:\bob\project\SVN\CPOS_New\Code\CPOS.BS.Web\ApplicationInterface\Base\BaseActionHandler.cs  行号 122
	  在类 JIT.CPOS.BS.Web.ApplicationInterface.Gateway  方法 ProcessRequest  位置 d:\bob\project\SVN\CPOS_New\Code\CPOS.BS.Web\ApplicationInterface\Gateway.ashx.cs  行号 69
</Stack_Trances>
<Content>
	<Database_Server>112.124.68.147</Database_Server>
	<Database_Name>cpos_bs_lj</Database_Name>
	<Execution_Time>00:00:00.5313201</Execution_Time>
	<Command_Text>
		use [cpos_bs_lj];
		select isnull(a.Text,'')Text,isnull(a.Title,'')Title,a.CoverImageUrl,a.Author from WMaterialText  a,WApplicationInterface b where a.ApplicationId = b.ApplicationId and a.IsDelete = 0 and b.IsDelete = 0 and b.CustomerId = 'e703dbedadd943abacf864531decdac1' and a.TextId = '1C49C03EDC9D4AB0AE68A7F80AC74FE7'
	</Command_Text>
</Content>
</Log>

<Log>
<Date>2014-08-27 17:40:06 948</Date>
<Client_ID>(null)</Client_ID>
<User_ID>(null)</User_ID>
<Location>JIT.CPOS.BS.Web.ApplicationInterface.Gateway.ProcessRequest</Location>
<Stack_Trances>
	  在类 JIT.CPOS.BS.DataAccess.Base.BaseCPOSDAO  方法 SQLHelper_OnExecuted  位置 d:\bob\project\SVN\CPOS_New\Code\CPOS.BS.DataAccess\Utility\Base\BaseCPOSDAO.cs  行号 96
	  在类 JIT.Utility.DataAccess.DefaultSQLHelper  方法 ExecuteDataset  位置 d:\bob\project\SVN\Infrastructure\Code\Utility\DataAccess\DefaultSQLHelper.cs  行号 601
	  在类 JIT.CPOS.BS.DataAccess.WMaterialTextDAO  方法 GetMaterialTextTitleList  位置 d:\bob\project\SVN\CPOS_New\Code\CPOS.BS.DataAccess\WMaterialTextDAO.cs  行号 332
	  在类 JIT.CPOS.BS.BLL.WMaterialTextBLL  方法 GetMaterialTextTitleList  位置 d:\bob\project\SVN\CPOS_New\Code\CPOS.BS.BLL\WMaterialTextBLL.cs  行号 132
	  在类 JIT.CPOS.BS.Web.ApplicationInterface.Module.WX.MaterialText.GetMaterialTextDetailAH  方法 ProcessRequest  位置 d:\bob\project\SVN\CPOS_New\Code\CPOS.BS.Web\ApplicationInterface\Module\WX\MaterialText\GetMaterialTextDetailAH.cs  行号 31
	  在类 JIT.CPOS.BS.Web.ApplicationInterface.Base.BaseActionHandler`2  方法 JIT.CPOS.BS.Web.ApplicationInterface.Base.IActionHandler.ProcessAction  位置 d:\bob\project\SVN\CPOS_New\Code\CPOS.BS.Web\ApplicationInterface\Base\BaseActionHandler.cs  行号 122
	  在类 JIT.CPOS.BS.Web.ApplicationInterface.Gateway  方法 ProcessRequest  位置 d:\bob\project\SVN\CPOS_New\Code\CPOS.BS.Web\ApplicationInterface\Gateway.ashx.cs  行号 69
</Stack_Trances>
<Content>
	<Database_Server>112.124.68.147</Database_Server>
	<Database_Name>cpos_bs_lj</Database_Name>
	<Execution_Time>00:00:00.0687121</Execution_Time>
	<Command_Text>
		use [cpos_bs_lj];
		select isnull(a.Text,'')Text,isnull(a.Title,'')Title,a.CoverImageUrl,a.Author from WMaterialText  a,WApplicationInterface b where a.ApplicationId = b.ApplicationId and a.IsDelete = 0 and b.IsDelete = 0 and b.CustomerId = 'e703dbedadd943abacf864531decdac1' and a.TextId = '1C49C03EDC9D4AB0AE68A7F80AC74FE7'
	</Command_Text>
</Content>
</Log>

<Log>
<Date>2014-08-27 17:50:03 214</Date>
<Client_ID>(null)</Client_ID>
<User_ID>(null)</User_ID>
<Location>JIT.CPOS.BS.Web.ApplicationInterface.BaseGateway.ProcessRequest</Location>
<Stack_Trances>
	  在类 JIT.CPOS.BS.DataAccess.Base.BaseCPOSDAO  方法 SQLHelper_OnExecuted  位置 d:\bob\project\SVN\CPOS_New\Code\CPOS.BS.DataAccess\Utility\Base\BaseCPOSDAO.cs  行号 96
	  在类 JIT.Utility.DataAccess.DefaultSQLHelper  方法 ExecuteDataset  位置 d:\bob\project\SVN\Infrastructure\Code\Utility\DataAccess\DefaultSQLHelper.cs  行号 601
	  在类 JIT.CPOS.BS.DataAccess.T_UserDAO  方法 GetStaffDict  位置 d:\bob\project\SVN\CPOS_New\Code\CPOS.BS.DataAccess\Product\CW\T_UserDAO.cs  行号 1154
	  在类 JIT.CPOS.BS.BLL.T_UserBLL  方法 GetStaffDict  位置 d:\bob\project\SVN\CPOS_New\Code\CPOS.BS.BLL\Product\CW\T_UserBLL.cs  行号 352
	  在类 JIT.CPOS.BS.Web.ApplicationInterface.Product.QiXinManage.GetUserDictHandler  方法 GetUserDict  位置 d:\bob\project\SVN\CPOS_New\Code\CPOS.BS.Web\ApplicationInterface\Product\QiXinManage\GetUserDictHandler.cs  行号 40
	  在类 JIT.CPOS.BS.Web.ApplicationInterface.Product.QiXinManage.GetUserDictHandler  方法 DoAction  位置 d:\bob\project\SVN\CPOS_New\Code\CPOS.BS.Web\ApplicationInterface\Product\QiXinManage\GetUserDictHandler.cs  行号 20
	  在类 JIT.CPOS.BS.Web.ApplicationInterface.Base.RequestHandlerManager  方法 HandleQiXinRequest  位置 d:\bob\project\SVN\CPOS_New\Code\CPOS.BS.Web\ApplicationInterface\Base\RequestHandlerManager.cs  行号 76
	  在类 JIT.CPOS.BS.Web.ApplicationInterface.Product.QiXinManage.QiXinManageHandler  方法 ProcessAction  位置 d:\bob\project\SVN\CPOS_New\Code\CPOS.BS.Web\ApplicationInterface\Product\QiXinManage\QiXinManageHandler.ashx.cs  行号 24
	  在类 JIT.CPOS.BS.Web.ApplicationInterface.BaseGateway  方法 ProcessRequest  位置 d:\bob\project\SVN\CPOS_New\Code\CPOS.BS.Web\ApplicationInterface\BaseGateway.cs  行号 64
</Stack_Trances>
<Content>
	<Database_Server>112.124.68.147</Database_Server>
	<Database_Name>cpos_bs_jit</Database_Name>
	<Execution_Time>00:00:00.8135930</Execution_Time>
	<Command_Text>
		use [cpos_bs_jit];
		 SELECT user_id AS UserID,user_name AS UserName FROM T_User WHERE customer_id='3084cd58e4144cceb1faaac1c515f151' AND user_status=1 
	</Command_Text>
</Content>
</Log>

<Log>
<Date>2014-08-27 17:50:03 214</Date>
<Client_ID>(null)</Client_ID>
<User_ID>(null)</User_ID>
<Location>JIT.CPOS.BS.Web.ApplicationInterface.Gateway.ProcessRequest</Location>
<Stack_Trances>
	  在类 JIT.CPOS.BS.DataAccess.Base.BaseCPOSDAO  方法 SQLHelper_OnExecuted  位置 d:\bob\project\SVN\CPOS_New\Code\CPOS.BS.DataAccess\Utility\Base\BaseCPOSDAO.cs  行号 96
	  在类 JIT.Utility.DataAccess.DefaultSQLHelper  方法 ExecuteDataset  位置 d:\bob\project\SVN\Infrastructure\Code\Utility\DataAccess\DefaultSQLHelper.cs  行号 601
	  在类 JIT.CPOS.BS.DataAccess.WMaterialTextDAO  方法 GetMaterialTextTitleList  位置 d:\bob\project\SVN\CPOS_New\Code\CPOS.BS.DataAccess\WMaterialTextDAO.cs  行号 332
	  在类 JIT.CPOS.BS.BLL.WMaterialTextBLL  方法 GetMaterialTextTitleList  位置 d:\bob\project\SVN\CPOS_New\Code\CPOS.BS.BLL\WMaterialTextBLL.cs  行号 132
	  在类 JIT.CPOS.BS.Web.ApplicationInterface.Module.WX.MaterialText.GetMaterialTextDetailAH  方法 ProcessRequest  位置 d:\bob\project\SVN\CPOS_New\Code\CPOS.BS.Web\ApplicationInterface\Module\WX\MaterialText\GetMaterialTextDetailAH.cs  行号 31
	  在类 JIT.CPOS.BS.Web.ApplicationInterface.Base.BaseActionHandler`2  方法 JIT.CPOS.BS.Web.ApplicationInterface.Base.IActionHandler.ProcessAction  位置 d:\bob\project\SVN\CPOS_New\Code\CPOS.BS.Web\ApplicationInterface\Base\BaseActionHandler.cs  行号 122
	  在类 JIT.CPOS.BS.Web.ApplicationInterface.Gateway  方法 ProcessRequest  位置 d:\bob\project\SVN\CPOS_New\Code\CPOS.BS.Web\ApplicationInterface\Gateway.ashx.cs  行号 69
</Stack_Trances>
<Content>
	<Database_Server>112.124.68.147</Database_Server>
	<Database_Name>cpos_bs_lj</Database_Name>
	<Execution_Time>00:00:00.8189520</Execution_Time>
	<Command_Text>
		use [cpos_bs_lj];
		select isnull(a.Text,'')Text,isnull(a.Title,'')Title,a.CoverImageUrl,a.Author from WMaterialText  a,WApplicationInterface b where a.ApplicationId = b.ApplicationId and a.IsDelete = 0 and b.IsDelete = 0 and b.CustomerId = 'e703dbedadd943abacf864531decdac1' and a.TextId = '1C49C03EDC9D4AB0AE68A7F80AC74FE7'
	</Command_Text>
</Content>
</Log>

